Arguments: 
  /usr/bin/node /home/user/.yarn/bin/yarn.js add @discordjs/uws

PATH: 
  /home/user/.yarn/bin:/home/user/.config/yarn/global/node_modules/.bin:/usr/lib/jvm/java-1.8.0-openjdk-amd64/bin:/usr/local/sbin:/usr/local/bin:/usr/sbin:/usr/bin:/sbin:/bin

Yarn version: 
  1.17.3

Node version: 
  8.11.3

Platform: 
  linux x64

Trace: 
  Error: https://registry.yarnpkg.com/@discordjs/uws/-/uws-11.149.1.tgz: unexpected end of file
      at Gunzip.zlibOnError (zlib.js:153:15)

npm manifest: 
  {
    "name": "first-discord-bot",
    "version": "1.0.0",
    "description": "A simple discord bot.",
    "main": "bot.js",
    "scripts": {
      "test": "echo \"Error: no test specified\" && exit 1",
      "start": "node bot.js"
    },
    "author": "",
    "license": "ISC",
    "dependencies": {
      "discord.js": ">=11.5.1",
      "moment": "^2.24.0"
    }
  }

yarn manifest: 
  No manifest

Lockfile: 
  # THIS IS AN AUTOGENERATED FILE. DO NOT EDIT THIS FILE DIRECTLY.
  # yarn lockfile v1
  
  
  async-limiter@~1.0.0:
    version "1.0.1"
    resolved "https://registry.yarnpkg.com/async-limiter/-/async-limiter-1.0.1.tgz#dd379e94f0db8310b08291f9d64c3209766617fd"
  
  discord.js@>=11.5.1:
    version "11.5.1"
    resolved "https://registry.yarnpkg.com/discord.js/-/discord.js-11.5.1.tgz#910fb9f6410328581093e044cafb661783a4d9e8"
    dependencies:
      long "^4.0.0"
      prism-media "^0.0.3"
      snekfetch "^3.6.4"
      tweetnacl "^1.0.0"
      ws "^6.0.0"
  
  long@^4.0.0:
    version "4.0.0"
    resolved "https://registry.yarnpkg.com/long/-/long-4.0.0.tgz#9a7b71cfb7d361a194ea555241c92f7468d5bf28"
  
  moment@^2.24.0:
    version "2.24.0"
    resolved "https://registry.yarnpkg.com/moment/-/moment-2.24.0.tgz#0d055d53f5052aa653c9f6eb68bb5d12bf5c2b5b"
    integrity sha512-bV7f+6l2QigeBBZSM/6yTNq4P2fNpSWj/0e7jQcy87A8e7o2nAfP/34/2ky5Vw4B9S446EtIhodAzkFCcR4dQg==
  
  prism-media@^0.0.3:
    version "0.0.3"
    resolved "https://registry.yarnpkg.com/prism-media/-/prism-media-0.0.3.tgz#8842d4fae804f099d3b48a9a38e3c2bab6f4855b"
  
  snekfetch@^3.6.4:
    version "3.6.4"
    resolved "https://registry.yarnpkg.com/snekfetch/-/snekfetch-3.6.4.tgz#d13e80a616d892f3d38daae4289f4d258a645120"
  
  tweetnacl@^1.0.0:
    version "1.0.1"
    resolved "https://registry.yarnpkg.com/tweetnacl/-/tweetnacl-1.0.1.tgz#2594d42da73cd036bd0d2a54683dd35a6b55ca17"
  
  ws@^6.0.0:
    version "6.2.1"
    resolved "https://registry.yarnpkg.com/ws/-/ws-6.2.1.tgz#442fdf0a47ed64f59b6a5d8ff130f4748ed524fb"
    dependencies:
      async-limiter "~1.0.0"
